Using pre-set license
Built from '2020.3/china_unity/release' branch; Version is '2020.3.7f1c1 (98d1c84f5ffb) revision 10015176'; Using compiler version '192528614'; Build Type 'Release'
OS: 'Windows 10 Home China; OS build 19041.1110; Version 2004; 64bit' Language: 'zh' Physical Memory: 16171 MB
BatchMode: 1, IsHumanControllingUs: 0, StartBugReporterOnCrash: 0, Is64bit: 1, IsPro: 0

 COMMAND LINE ARGUMENTS:
C:\Program Files\Unity\Hub\Editor\2020.3.7f1c1\Editor\Unity.exe
-adb2
-batchMode
-noUpm
-name
AssetImportWorker0
-projectPath
C:/Users/puffer_1031/Desktop/Some/Unity-Online-game-practice/Unity
-logFile
Logs/AssetImportWorker0.log
-srvPort
49712
Successfully changed project path to: C:/Users/puffer_1031/Desktop/Some/Unity-Online-game-practice/Unity
C:/Users/puffer_1031/Desktop/Some/Unity-Online-game-practice/Unity
Using Asset Import Pipeline V2.
Refreshing native plugins compatible for Editor in 20.00 ms, found 0 plugins.
Preloading 0 native plugins for Editor in 0.00 ms.
Initialize engine version: 2020.3.7f1c1 (98d1c84f5ffb)
[Subsystems] Discovering subsystems at path C:/Program Files/Unity/Hub/Editor/2020.3.7f1c1/Editor/Data/Resources/UnitySubsystems
[Subsystems] Discovering subsystems at path C:/Users/puffer_1031/Desktop/Some/Unity-Online-game-practice/Unity/Assets
GfxDevice: creating device client; threaded=0
Direct3D:
    Version:  Direct3D 11.0 [level 11.0]
    Renderer: NVIDIA GeForce GT 730 (ID=0x1287)
    Vendor:   
    VRAM:     2007 MB
    Driver:   27.21.14.6137
Initialize mono
Mono path[0] = 'C:/Program Files/Unity/Hub/Editor/2020.3.7f1c1/Editor/Data/Managed'
Mono path[1] = 'C:/Program Files/Unity/Hub/Editor/2020.3.7f1c1/Editor/Data/MonoBleedingEdge/lib/mono/unityjit'
Mono config path = 'C:/Program Files/Unity/Hub/Editor/2020.3.7f1c1/Editor/Data/MonoBleedingEdge/etc'
Using monoOptions --debugger-agent=transport=dt_socket,embedding=1,server=y,suspend=n,address=127.0.0.1:56412
Begin MonoManager ReloadAssembly
Registering precompiled unity dll's ...
Register platform support module: C:/Program Files/Unity/Hub/Editor/2020.3.7f1c1/Editor/Data/PlaybackEngines/WindowsStandaloneSupport/UnityEditor.WindowsStandalone.Extensions.dll
Registered in 0.001424 seconds.
Native extension for WindowsStandalone target not found
Refreshing native plugins compatible for Editor in 20.03 ms, found 0 plugins.
Preloading 0 native plugins for Editor in 0.00 ms.
Mono: successfully reloaded assembly
- Completed reload, in  0.821 seconds
Platform modules already initialized, skipping
Registering precompiled user dll's ...
Registered in 0.000595 seconds.
Begin MonoManager ReloadAssembly
Native extension for WindowsStandalone target not found
Refreshing native plugins compatible for Editor in 0.19 ms, found 0 plugins.
Preloading 0 native plugins for Editor in 0.00 ms.
Mono: successfully reloaded assembly
- Completed reload, in  0.703 seconds
Platform modules already initialized, skipping
========================================================================
Worker process is ready to serve import requests
Launched and connected shader compiler UnityShaderCompiler.exe after 0.03 seconds
Refreshing native plugins compatible for Editor in 0.18 ms, found 0 plugins.
Preloading 0 native plugins for Editor in 0.00 ms.
Unloading 1116 Unused Serialized files (Serialized files now loaded: 0)
System memory in use before: 57.1 MB.
System memory in use after: 57.2 MB.

Unloading 9 unused Assets to reduce memory usage. Loaded Objects now: 1560.
Total: 1.476000 ms (FindLiveObjects: 0.136300 ms CreateObjectMapping: 0.036700 ms MarkObjects: 1.242300 ms  DeleteObjects: 0.059800 ms)

========================================================================
Received Import Request.
  path: Assets
  artifactKey: Guid(00000000000000001000000000000000) Importer(815301076,1909f56bfc062723c751e8b465ee728b)
Start importing Assets using Guid(00000000000000001000000000000000) Importer(815301076,1909f56bfc062723c751e8b465ee728b)  -> (artifact id: 'cef95af390dfc2cd56619ad1fa70b124') in 0.007489 seconds
  Import took 0.009099 seconds .

========================================================================
Received Import Request.
  Time since last request: 27.060643 seconds.
  path: Assets/Scenes
  artifactKey: Guid(32ce4195e18c6cc4c8f723a7b7b465a2) Importer(815301076,1909f56bfc062723c751e8b465ee728b)
Start importing Assets/Scenes using Guid(32ce4195e18c6cc4c8f723a7b7b465a2) Importer(815301076,1909f56bfc062723c751e8b465ee728b)  -> (artifact id: '138d062579b1ece46a5a035dbbaf23bc') in 0.005773 seconds
  Import took 0.007397 seconds .

========================================================================
Received Import Request.
  Time since last request: 24.118055 seconds.
  path: Assets/Scenes/3_Scene.unity
  artifactKey: Guid(d77b561bf5afa5f449993e4d17e11125) Importer(815301076,1909f56bfc062723c751e8b465ee728b)
Start importing Assets/Scenes/3_Scene.unity using Guid(d77b561bf5afa5f449993e4d17e11125) Importer(815301076,1909f56bfc062723c751e8b465ee728b)  -> (artifact id: '7406d3bcac50cb68bab6d41fb93f4b6c') in 0.010884 seconds
  Import took 0.012666 seconds .

========================================================================
Received Import Request.
  Time since last request: 84.897708 seconds.
  path: ProjectSettings/TagManager.asset
  artifactKey: Guid(00000000000000003000000000000000) Importer(815301076,1909f56bfc062723c751e8b465ee728b)
Start importing ProjectSettings/TagManager.asset using Guid(00000000000000003000000000000000) Importer(815301076,1909f56bfc062723c751e8b465ee728b)  -> (artifact id: 'aa517e421f84886d0a69b23c3e68e0b7') in 0.020330 seconds
  Import took 0.022151 seconds .

========================================================================
Received Import Request.
  Time since last request: 7.246113 seconds.
  path: ProjectSettings/TagManager.asset
  artifactKey: Guid(00000000000000003000000000000000) Importer(815301076,1909f56bfc062723c751e8b465ee728b)
Start importing ProjectSettings/TagManager.asset using Guid(00000000000000003000000000000000) Importer(815301076,1909f56bfc062723c751e8b465ee728b)  -> (artifact id: '42692f268a65e7c09d70f9364eb5cd9e') in 0.002381 seconds
  Import took 0.004032 seconds .

========================================================================
Received Import Request.
  Time since last request: 6400.235233 seconds.
  path: Assets/Scripts/2-Scripts
  artifactKey: Guid(7df11013cbd52274c99e1e7b216c4a0c) Importer(815301076,1909f56bfc062723c751e8b465ee728b)
Start importing Assets/Scripts/2-Scripts using Guid(7df11013cbd52274c99e1e7b216c4a0c) Importer(815301076,1909f56bfc062723c751e8b465ee728b)  -> (artifact id: '0b557d23129b5b0c429b711bd81e1f3b') in 0.007244 seconds
  Import took 0.019487 seconds .

========================================================================
Received Import Request.
  Time since last request: 10.185880 seconds.
  path: Assets/Scripts/2-Scripts/BaseHuman.cs
  artifactKey: Guid(bcd0079706b7c7545a5a5b940da83c2c) Importer(815301076,1909f56bfc062723c751e8b465ee728b)
Start importing Assets/Scripts/2-Scripts/BaseHuman.cs using Guid(bcd0079706b7c7545a5a5b940da83c2c) Importer(815301076,1909f56bfc062723c751e8b465ee728b)  -> (artifact id: '3f3c37bef1fcabe90e81cef095673ff7') in 0.010399 seconds
  Import took 0.012424 seconds .

========================================================================
Received Prepare
Registering precompiled user dll's ...
Registered in 0.000541 seconds.
Begin MonoManager ReloadAssembly
Native extension for WindowsStandalone target not found
Refreshing native plugins compatible for Editor in 0.19 ms, found 0 plugins.
Preloading 0 native plugins for Editor in 0.00 ms.
Mono: successfully reloaded assembly
- Completed reload, in  0.710 seconds
Platform modules already initialized, skipping
Refreshing native plugins compatible for Editor in 0.19 ms, found 0 plugins.
Preloading 0 native plugins for Editor in 0.00 ms.
Unloading 1112 Unused Serialized files (Serialized files now loaded: 0)
System memory in use before: 57.1 MB.
System memory in use after: 57.2 MB.

Unloading 6 unused Assets to reduce memory usage. Loaded Objects now: 1564.
Total: 1.576000 ms (FindLiveObjects: 0.139100 ms CreateObjectMapping: 0.032600 ms MarkObjects: 1.386200 ms  DeleteObjects: 0.017200 ms)

========================================================================
Received Prepare
Registering precompiled user dll's ...
Registered in 0.000517 seconds.
Begin MonoManager ReloadAssembly
Native extension for WindowsStandalone target not found
Refreshing native plugins compatible for Editor in 0.18 ms, found 0 plugins.
Preloading 0 native plugins for Editor in 0.00 ms.
Mono: successfully reloaded assembly
- Completed reload, in  0.665 seconds
Platform modules already initialized, skipping
Refreshing native plugins compatible for Editor in 0.18 ms, found 0 plugins.
Preloading 0 native plugins for Editor in 0.00 ms.
Unloading 1112 Unused Serialized files (Serialized files now loaded: 0)
System memory in use before: 57.1 MB.
System memory in use after: 57.2 MB.

Unloading 4 unused Assets to reduce memory usage. Loaded Objects now: 1567.
Total: 1.363800 ms (FindLiveObjects: 0.138100 ms CreateObjectMapping: 0.034600 ms MarkObjects: 1.178500 ms  DeleteObjects: 0.011200 ms)

========================================================================
Received Import Request.
  Time since last request: 339.586093 seconds.
  path: Assets/Scripts/2-Scripts/CtrlHuman.cs
  artifactKey: Guid(94a9f6685b2c7a24db753bd05ff3cadf) Importer(815301076,1909f56bfc062723c751e8b465ee728b)
Start importing Assets/Scripts/2-Scripts/CtrlHuman.cs using Guid(94a9f6685b2c7a24db753bd05ff3cadf) Importer(815301076,1909f56bfc062723c751e8b465ee728b)  -> (artifact id: '1e67c28428737a473ed2f36f8350a1eb') in 0.007875 seconds
  Import took 0.009643 seconds .

========================================================================
Received Prepare
Registering precompiled user dll's ...
Registered in 0.000683 seconds.
Begin MonoManager ReloadAssembly
Native extension for WindowsStandalone target not found
Refreshing native plugins compatible for Editor in 0.18 ms, found 0 plugins.
Preloading 0 native plugins for Editor in 0.00 ms.
Mono: successfully reloaded assembly
- Completed reload, in  0.676 seconds
Platform modules already initialized, skipping
Refreshing native plugins compatible for Editor in 0.18 ms, found 0 plugins.
Preloading 0 native plugins for Editor in 0.00 ms.
Unloading 1113 Unused Serialized files (Serialized files now loaded: 0)
System memory in use before: 57.1 MB.
System memory in use after: 57.2 MB.

Unloading 4 unused Assets to reduce memory usage. Loaded Objects now: 1571.
Total: 1.756100 ms (FindLiveObjects: 0.208200 ms CreateObjectMapping: 0.058600 ms MarkObjects: 1.472400 ms  DeleteObjects: 0.015600 ms)

========================================================================
Received Prepare
Registering precompiled user dll's ...
Registered in 0.000509 seconds.
Begin MonoManager ReloadAssembly
Native extension for WindowsStandalone target not found
Refreshing native plugins compatible for Editor in 0.19 ms, found 0 plugins.
Preloading 0 native plugins for Editor in 0.00 ms.
Mono: successfully reloaded assembly
- Completed reload, in  0.678 seconds
Platform modules already initialized, skipping
Refreshing native plugins compatible for Editor in 0.19 ms, found 0 plugins.
Preloading 0 native plugins for Editor in 0.00 ms.
Unloading 1113 Unused Serialized files (Serialized files now loaded: 0)
System memory in use before: 57.1 MB.
System memory in use after: 57.2 MB.

Unloading 4 unused Assets to reduce memory usage. Loaded Objects now: 1574.
Total: 1.471900 ms (FindLiveObjects: 0.197600 ms CreateObjectMapping: 0.049500 ms MarkObjects: 1.210400 ms  DeleteObjects: 0.013200 ms)

========================================================================
Received Import Request.
  Time since last request: 15.704208 seconds.
  path: Assets/Scripts/2-Scripts/CtrlHuman.cs
  artifactKey: Guid(94a9f6685b2c7a24db753bd05ff3cadf) Importer(815301076,1909f56bfc062723c751e8b465ee728b)
Start importing Assets/Scripts/2-Scripts/CtrlHuman.cs using Guid(94a9f6685b2c7a24db753bd05ff3cadf) Importer(815301076,1909f56bfc062723c751e8b465ee728b)  -> (artifact id: '8c3cf56f1fa760d686e65f24361f1888') in 0.003617 seconds
  Import took 0.005290 seconds .

========================================================================
Received Prepare
Registering precompiled user dll's ...
Registered in 0.000521 seconds.
Begin MonoManager ReloadAssembly
Native extension for WindowsStandalone target not found
Refreshing native plugins compatible for Editor in 0.19 ms, found 0 plugins.
Preloading 0 native plugins for Editor in 0.00 ms.
Mono: successfully reloaded assembly
- Completed reload, in  0.669 seconds
Platform modules already initialized, skipping
Refreshing native plugins compatible for Editor in 0.19 ms, found 0 plugins.
Preloading 0 native plugins for Editor in 0.00 ms.
Unloading 1113 Unused Serialized files (Serialized files now loaded: 0)
System memory in use before: 57.2 MB.
System memory in use after: 57.2 MB.

Unloading 4 unused Assets to reduce memory usage. Loaded Objects now: 1577.
Total: 1.555800 ms (FindLiveObjects: 0.133500 ms CreateObjectMapping: 0.033700 ms MarkObjects: 1.373800 ms  DeleteObjects: 0.013800 ms)

========================================================================
Received Import Request.
  Time since last request: 159.225981 seconds.
  path: Assets/Scripts/2-Scripts/CtrlHuman.cs
  artifactKey: Guid(94a9f6685b2c7a24db753bd05ff3cadf) Importer(815301076,1909f56bfc062723c751e8b465ee728b)
Start importing Assets/Scripts/2-Scripts/CtrlHuman.cs using Guid(94a9f6685b2c7a24db753bd05ff3cadf) Importer(815301076,1909f56bfc062723c751e8b465ee728b)  -> (artifact id: '5d694ee64c936e5a0765d02941fa05e8') in 0.003730 seconds
  Import took 0.005416 seconds .

========================================================================
Received Import Request.
  Time since last request: 226.081314 seconds.
  path: Assets/Res
  artifactKey: Guid(c9c1cfd9cb55e1246aab6b797f251482) Importer(815301076,1909f56bfc062723c751e8b465ee728b)
Start importing Assets/Res using Guid(c9c1cfd9cb55e1246aab6b797f251482) Importer(815301076,1909f56bfc062723c751e8b465ee728b)  -> (artifact id: 'c05aeda16bb5377ec147db7dffd65e86') in 0.006591 seconds
  Import took 0.008655 seconds .

========================================================================
Received Import Request.
  Time since last request: 7.114467 seconds.
  path: Assets/Res/2-Res
  artifactKey: Guid(de28eae9b747b08438163e977db173cd) Importer(815301076,1909f56bfc062723c751e8b465ee728b)
Start importing Assets/Res/2-Res using Guid(de28eae9b747b08438163e977db173cd) Importer(815301076,1909f56bfc062723c751e8b465ee728b)  -> (artifact id: '805d6ad4a18d572eacdb2a81b4adc02f') in 0.005916 seconds
  Import took 0.007585 seconds .

========================================================================
Received Prepare
Registering precompiled user dll's ...
Registered in 0.000584 seconds.
Begin MonoManager ReloadAssembly
Native extension for WindowsStandalone target not found
Refreshing native plugins compatible for Editor in 0.19 ms, found 0 plugins.
Preloading 0 native plugins for Editor in 0.00 ms.
Mono: successfully reloaded assembly
- Completed reload, in  0.659 seconds
Platform modules already initialized, skipping
Refreshing native plugins compatible for Editor in 0.20 ms, found 0 plugins.
Preloading 0 native plugins for Editor in 0.00 ms.
Unloading 1113 Unused Serialized files (Serialized files now loaded: 0)
System memory in use before: 57.2 MB.
System memory in use after: 57.3 MB.

Unloading 4 unused Assets to reduce memory usage. Loaded Objects now: 1580.
Total: 1.511700 ms (FindLiveObjects: 0.151900 ms CreateObjectMapping: 0.034900 ms MarkObjects: 1.309500 ms  DeleteObjects: 0.014300 ms)

========================================================================
Received Prepare
Registering precompiled user dll's ...
Registered in 0.000507 seconds.
Begin MonoManager ReloadAssembly
Native extension for WindowsStandalone target not found
Refreshing native plugins compatible for Editor in 0.19 ms, found 0 plugins.
Preloading 0 native plugins for Editor in 0.00 ms.
Mono: successfully reloaded assembly
- Completed reload, in  0.693 seconds
Platform modules already initialized, skipping
Refreshing native plugins compatible for Editor in 0.18 ms, found 0 plugins.
Preloading 0 native plugins for Editor in 0.00 ms.
Unloading 1113 Unused Serialized files (Serialized files now loaded: 0)
System memory in use before: 57.2 MB.
System memory in use after: 57.3 MB.

Unloading 4 unused Assets to reduce memory usage. Loaded Objects now: 1583.
Total: 1.417800 ms (FindLiveObjects: 0.141100 ms CreateObjectMapping: 0.031800 ms MarkObjects: 1.232000 ms  DeleteObjects: 0.012000 ms)

========================================================================
Received Prepare
Registering precompiled user dll's ...
Registered in 0.000691 seconds.
Begin MonoManager ReloadAssembly
Native extension for WindowsStandalone target not found
Refreshing native plugins compatible for Editor in 0.19 ms, found 0 plugins.
Preloading 0 native plugins for Editor in 0.00 ms.
Mono: successfully reloaded assembly
- Completed reload, in  0.656 seconds
Platform modules already initialized, skipping
Refreshing native plugins compatible for Editor in 0.18 ms, found 0 plugins.
Preloading 0 native plugins for Editor in 0.00 ms.
Unloading 1113 Unused Serialized files (Serialized files now loaded: 0)
System memory in use before: 57.2 MB.
System memory in use after: 57.3 MB.

Unloading 4 unused Assets to reduce memory usage. Loaded Objects now: 1586.
Total: 1.495300 ms (FindLiveObjects: 0.182500 ms CreateObjectMapping: 0.035400 ms MarkObjects: 1.263700 ms  DeleteObjects: 0.012900 ms)

========================================================================
Received Prepare
Registering precompiled user dll's ...
Registered in 0.000521 seconds.
Begin MonoManager ReloadAssembly
Native extension for WindowsStandalone target not found
Refreshing native plugins compatible for Editor in 0.19 ms, found 0 plugins.
Preloading 0 native plugins for Editor in 0.00 ms.
Mono: successfully reloaded assembly
- Completed reload, in  0.679 seconds
Platform modules already initialized, skipping
Refreshing native plugins compatible for Editor in 0.18 ms, found 0 plugins.
Preloading 0 native plugins for Editor in 0.00 ms.
Unloading 1113 Unused Serialized files (Serialized files now loaded: 0)
System memory in use before: 57.2 MB.
System memory in use after: 57.3 MB.

Unloading 4 unused Assets to reduce memory usage. Loaded Objects now: 1589.
Total: 1.607000 ms (FindLiveObjects: 0.178900 ms CreateObjectMapping: 0.050000 ms MarkObjects: 1.365900 ms  DeleteObjects: 0.010800 ms)

========================================================================
Received Prepare
Registering precompiled user dll's ...
Registered in 0.000587 seconds.
Begin MonoManager ReloadAssembly
Native extension for WindowsStandalone target not found
Refreshing native plugins compatible for Editor in 0.19 ms, found 0 plugins.
Preloading 0 native plugins for Editor in 0.00 ms.
Mono: successfully reloaded assembly
- Completed reload, in  0.650 seconds
Platform modules already initialized, skipping
Refreshing native plugins compatible for Editor in 0.20 ms, found 0 plugins.
Preloading 0 native plugins for Editor in 0.00 ms.
Unloading 1113 Unused Serialized files (Serialized files now loaded: 0)
System memory in use before: 57.2 MB.
System memory in use after: 57.3 MB.

Unloading 4 unused Assets to reduce memory usage. Loaded Objects now: 1592.
Total: 1.473700 ms (FindLiveObjects: 0.131200 ms CreateObjectMapping: 0.035000 ms MarkObjects: 1.293200 ms  DeleteObjects: 0.013300 ms)

========================================================================
Received Prepare
Registering precompiled user dll's ...
Registered in 0.000504 seconds.
Begin MonoManager ReloadAssembly
Native extension for WindowsStandalone target not found
Refreshing native plugins compatible for Editor in 0.18 ms, found 0 plugins.
Preloading 0 native plugins for Editor in 0.00 ms.
Mono: successfully reloaded assembly
- Completed reload, in  0.643 seconds
Platform modules already initialized, skipping
Refreshing native plugins compatible for Editor in 0.17 ms, found 0 plugins.
Preloading 0 native plugins for Editor in 0.00 ms.
Unloading 1113 Unused Serialized files (Serialized files now loaded: 0)
System memory in use before: 57.2 MB.
System memory in use after: 57.3 MB.

Unloading 4 unused Assets to reduce memory usage. Loaded Objects now: 1595.
Total: 1.358100 ms (FindLiveObjects: 0.141700 ms CreateObjectMapping: 0.031800 ms MarkObjects: 1.173200 ms  DeleteObjects: 0.010600 ms)

========================================================================
Received Prepare
Registering precompiled user dll's ...
Registered in 0.000510 seconds.
Begin MonoManager ReloadAssembly
Native extension for WindowsStandalone target not found
Refreshing native plugins compatible for Editor in 0.19 ms, found 0 plugins.
Preloading 0 native plugins for Editor in 0.00 ms.
Mono: successfully reloaded assembly
- Completed reload, in  0.655 seconds
Platform modules already initialized, skipping
Refreshing native plugins compatible for Editor in 0.19 ms, found 0 plugins.
Preloading 0 native plugins for Editor in 0.00 ms.
Unloading 1113 Unused Serialized files (Serialized files now loaded: 0)
System memory in use before: 57.2 MB.
System memory in use after: 57.3 MB.

Unloading 4 unused Assets to reduce memory usage. Loaded Objects now: 1598.
Total: 2.022500 ms (FindLiveObjects: 0.215000 ms CreateObjectMapping: 0.045700 ms MarkObjects: 1.744700 ms  DeleteObjects: 0.015800 ms)

========================================================================
Received Prepare
Registering precompiled user dll's ...
Registered in 0.000477 seconds.
Begin MonoManager ReloadAssembly
Native extension for WindowsStandalone target not found
Refreshing native plugins compatible for Editor in 0.19 ms, found 0 plugins.
Preloading 0 native plugins for Editor in 0.00 ms.
Mono: successfully reloaded assembly
- Completed reload, in  0.669 seconds
Platform modules already initialized, skipping
Refreshing native plugins compatible for Editor in 0.19 ms, found 0 plugins.
Preloading 0 native plugins for Editor in 0.00 ms.
Unloading 1113 Unused Serialized files (Serialized files now loaded: 0)
System memory in use before: 57.2 MB.
System memory in use after: 57.3 MB.

Unloading 4 unused Assets to reduce memory usage. Loaded Objects now: 1601.
Total: 1.639100 ms (FindLiveObjects: 0.124300 ms CreateObjectMapping: 0.032100 ms MarkObjects: 1.469300 ms  DeleteObjects: 0.012200 ms)

========================================================================
Received Import Request.
  Time since last request: 384.373024 seconds.
  path: Assets/Scenes/3_Scene.unity
  artifactKey: Guid(d77b561bf5afa5f449993e4d17e11125) Importer(815301076,1909f56bfc062723c751e8b465ee728b)
Start importing Assets/Scenes/3_Scene.unity using Guid(d77b561bf5afa5f449993e4d17e11125) Importer(815301076,1909f56bfc062723c751e8b465ee728b)  -> (artifact id: '91d11801eba32ddf406d92d3497d2d3b') in 0.013545 seconds
  Import took 0.015290 seconds .

========================================================================
Received Import Request.
  Time since last request: 5.990827 seconds.
  path: Assets/Scenes/C3_Scene.unity
  artifactKey: Guid(d77b561bf5afa5f449993e4d17e11125) Importer(815301076,1909f56bfc062723c751e8b465ee728b)
Start importing Assets/Scenes/C3_Scene.unity using Guid(d77b561bf5afa5f449993e4d17e11125) Importer(815301076,1909f56bfc062723c751e8b465ee728b)  -> (artifact id: '9343099dc3a028795a6ed9ea43474b80') in 0.006765 seconds
  Import took 0.008422 seconds .

========================================================================
Received Import Request.
  Time since last request: 15.724505 seconds.
  path: Assets/Scenes/C2_Scene_EchoPollClient.unity
  artifactKey: Guid(9fc0d4010bbf28b4594072e72b8655ab) Importer(815301076,1909f56bfc062723c751e8b465ee728b)
Start importing Assets/Scenes/C2_Scene_EchoPollClient.unity using Guid(9fc0d4010bbf28b4594072e72b8655ab) Importer(815301076,1909f56bfc062723c751e8b465ee728b)  -> (artifact id: 'ac9432bd5876b6080c9b6457861409dd') in 0.012393 seconds
  Import took 0.014133 seconds .

========================================================================
Received Prepare
Registering precompiled user dll's ...
Registered in 0.000509 seconds.
Begin MonoManager ReloadAssembly
Native extension for WindowsStandalone target not found
Refreshing native plugins compatible for Editor in 0.19 ms, found 0 plugins.
Preloading 0 native plugins for Editor in 0.00 ms.
Mono: successfully reloaded assembly
- Completed reload, in  0.656 seconds
Platform modules already initialized, skipping
Refreshing native plugins compatible for Editor in 0.18 ms, found 0 plugins.
Preloading 0 native plugins for Editor in 0.00 ms.
Unloading 1113 Unused Serialized files (Serialized files now loaded: 0)
System memory in use before: 57.2 MB.
System memory in use after: 57.3 MB.

Unloading 4 unused Assets to reduce memory usage. Loaded Objects now: 1604.
Total: 1.419400 ms (FindLiveObjects: 0.124200 ms CreateObjectMapping: 0.031100 ms MarkObjects: 1.251800 ms  DeleteObjects: 0.011400 ms)

========================================================================
Received Prepare
Registering precompiled user dll's ...
Registered in 0.000488 seconds.
Begin MonoManager ReloadAssembly
Native extension for WindowsStandalone target not found
Refreshing native plugins compatible for Editor in 0.20 ms, found 0 plugins.
Preloading 0 native plugins for Editor in 0.00 ms.
Mono: successfully reloaded assembly
- Completed reload, in  0.658 seconds
Platform modules already initialized, skipping
Refreshing native plugins compatible for Editor in 0.17 ms, found 0 plugins.
Preloading 0 native plugins for Editor in 0.00 ms.
Unloading 1113 Unused Serialized files (Serialized files now loaded: 0)
System memory in use before: 57.2 MB.
System memory in use after: 57.3 MB.

Unloading 4 unused Assets to reduce memory usage. Loaded Objects now: 1607.
Total: 1.657600 ms (FindLiveObjects: 0.122600 ms CreateObjectMapping: 0.030200 ms MarkObjects: 1.492100 ms  DeleteObjects: 0.011800 ms)

========================================================================
Received Import Request.
  Time since last request: 39.878249 seconds.
  path: Assets/Scripts/C3_Scripts
  artifactKey: Guid(7df11013cbd52274c99e1e7b216c4a0c) Importer(815301076,1909f56bfc062723c751e8b465ee728b)
Start importing Assets/Scripts/C3_Scripts using Guid(7df11013cbd52274c99e1e7b216c4a0c) Importer(815301076,1909f56bfc062723c751e8b465ee728b)  -> (artifact id: '239a544aba3ff5e1bae2921760fba396') in 0.008326 seconds
  Import took 0.010040 seconds .

========================================================================
Received Import Request.
  Time since last request: 9.382927 seconds.
  path: Assets/Scripts/C3_Scripts/SyncHuman.cs
  artifactKey: Guid(aa5b89bf3b6dae840adce42df7d49bc2) Importer(815301076,1909f56bfc062723c751e8b465ee728b)
Start importing Assets/Scripts/C3_Scripts/SyncHuman.cs using Guid(aa5b89bf3b6dae840adce42df7d49bc2) Importer(815301076,1909f56bfc062723c751e8b465ee728b)  -> (artifact id: 'de276be07f55003a1e16cd7d214e41cf') in 0.005983 seconds
  Import took 0.007709 seconds .

========================================================================
Received Prepare
Registering precompiled user dll's ...
Registered in 0.000700 seconds.
Begin MonoManager ReloadAssembly
Native extension for WindowsStandalone target not found
Refreshing native plugins compatible for Editor in 0.20 ms, found 0 plugins.
Preloading 0 native plugins for Editor in 0.00 ms.
Mono: successfully reloaded assembly
- Completed reload, in  0.692 seconds
Platform modules already initialized, skipping
Refreshing native plugins compatible for Editor in 0.19 ms, found 0 plugins.
Preloading 0 native plugins for Editor in 0.00 ms.
Unloading 1114 Unused Serialized files (Serialized files now loaded: 0)
System memory in use before: 57.3 MB.
System memory in use after: 57.3 MB.

Unloading 4 unused Assets to reduce memory usage. Loaded Objects now: 1611.
Total: 1.686600 ms (FindLiveObjects: 0.209700 ms CreateObjectMapping: 0.061300 ms MarkObjects: 1.401800 ms  DeleteObjects: 0.012300 ms)

========================================================================
Received Import Request.
  Time since last request: 4.374849 seconds.
  path: Assets/Scripts/C3_Scripts/BaseHuman.cs
  artifactKey: Guid(bcd0079706b7c7545a5a5b940da83c2c) Importer(815301076,1909f56bfc062723c751e8b465ee728b)
Start importing Assets/Scripts/C3_Scripts/BaseHuman.cs using Guid(bcd0079706b7c7545a5a5b940da83c2c) Importer(815301076,1909f56bfc062723c751e8b465ee728b)  -> (artifact id: '00ef19b42bc7349780f056c5c3781767') in 0.004127 seconds
  Import took 0.005812 seconds .

========================================================================
Received Import Request.
  Time since last request: 0.026505 seconds.
  path: Assets/Scripts/C3_Scripts/BaseHuman.cs
  artifactKey: Guid(bcd0079706b7c7545a5a5b940da83c2c) Importer(815301076,1909f56bfc062723c751e8b465ee728b)
Start importing Assets/Scripts/C3_Scripts/BaseHuman.cs using Guid(bcd0079706b7c7545a5a5b940da83c2c) Importer(815301076,1909f56bfc062723c751e8b465ee728b)  -> (artifact id: '00ef19b42bc7349780f056c5c3781767') in 0.002858 seconds
  Import took 0.004535 seconds .

========================================================================
Received Import Request.
  Time since last request: 0.321534 seconds.
  path: Assets/Scripts/C3_Scripts/CtrlHuman.cs
  artifactKey: Guid(94a9f6685b2c7a24db753bd05ff3cadf) Importer(815301076,1909f56bfc062723c751e8b465ee728b)
Start importing Assets/Scripts/C3_Scripts/CtrlHuman.cs using Guid(94a9f6685b2c7a24db753bd05ff3cadf) Importer(815301076,1909f56bfc062723c751e8b465ee728b)  -> (artifact id: 'ddaa3b763c6be55c01e2365706217f6e') in 0.002678 seconds
  Import took 0.004700 seconds .

========================================================================
Received Import Request.
  Time since last request: 0.000631 seconds.
  path: Assets/Scripts/C3_Scripts/CtrlHuman.cs
  artifactKey: Guid(94a9f6685b2c7a24db753bd05ff3cadf) Importer(815301076,1909f56bfc062723c751e8b465ee728b)
Start importing Assets/Scripts/C3_Scripts/CtrlHuman.cs using Guid(94a9f6685b2c7a24db753bd05ff3cadf) Importer(815301076,1909f56bfc062723c751e8b465ee728b)  -> (artifact id: 'ddaa3b763c6be55c01e2365706217f6e') in 0.002500 seconds
  Import took 0.004349 seconds .

========================================================================
Received Prepare
Registering precompiled user dll's ...
Registered in 0.000489 seconds.
Begin MonoManager ReloadAssembly
Native extension for WindowsStandalone target not found
Refreshing native plugins compatible for Editor in 0.21 ms, found 0 plugins.
Preloading 0 native plugins for Editor in 0.00 ms.
Mono: successfully reloaded assembly
- Completed reload, in  0.695 seconds
Platform modules already initialized, skipping
Refreshing native plugins compatible for Editor in 0.21 ms, found 0 plugins.
Preloading 0 native plugins for Editor in 0.00 ms.
Unloading 1114 Unused Serialized files (Serialized files now loaded: 0)
System memory in use before: 57.3 MB.
System memory in use after: 57.4 MB.

Unloading 4 unused Assets to reduce memory usage. Loaded Objects now: 1614.
Total: 1.497300 ms (FindLiveObjects: 0.155400 ms CreateObjectMapping: 0.038500 ms MarkObjects: 1.290000 ms  DeleteObjects: 0.012500 ms)

========================================================================
Received Import Request.
  Time since last request: 2851.378388 seconds.
  path: Assets/Scripts/C3_Scripts/NetManager.cs
  artifactKey: Guid(e34a8a9c5af6e45488d91fbaac8325ac) Importer(815301076,1909f56bfc062723c751e8b465ee728b)
Start importing Assets/Scripts/C3_Scripts/NetManager.cs using Guid(e34a8a9c5af6e45488d91fbaac8325ac) Importer(815301076,1909f56bfc062723c751e8b465ee728b)  -> (artifact id: '7ad01981c7b6ee10402ee171f878b9b3') in 0.013467 seconds
  Import took 0.016956 seconds .

========================================================================
Received Prepare
Registering precompiled user dll's ...
Registered in 0.000554 seconds.
Begin MonoManager ReloadAssembly
Native extension for WindowsStandalone target not found
Refreshing native plugins compatible for Editor in 0.19 ms, found 0 plugins.
Preloading 0 native plugins for Editor in 0.00 ms.
Mono: successfully reloaded assembly
- Completed reload, in  0.741 seconds
Platform modules already initialized, skipping
Refreshing native plugins compatible for Editor in 0.18 ms, found 0 plugins.
Preloading 0 native plugins for Editor in 0.00 ms.
Unloading 1115 Unused Serialized files (Serialized files now loaded: 0)
System memory in use before: 57.3 MB.
System memory in use after: 57.4 MB.

Unloading 4 unused Assets to reduce memory usage. Loaded Objects now: 1618.
Total: 1.647400 ms (FindLiveObjects: 0.126300 ms CreateObjectMapping: 0.031600 ms MarkObjects: 1.473200 ms  DeleteObjects: 0.015300 ms)

========================================================================
Received Prepare
Registering precompiled user dll's ...
Registered in 0.000555 seconds.
Begin MonoManager ReloadAssembly
Native extension for WindowsStandalone target not found
Refreshing native plugins compatible for Editor in 0.20 ms, found 0 plugins.
Preloading 0 native plugins for Editor in 0.00 ms.
Mono: successfully reloaded assembly
- Completed reload, in  0.687 seconds
Platform modules already initialized, skipping
Refreshing native plugins compatible for Editor in 0.18 ms, found 0 plugins.
Preloading 0 native plugins for Editor in 0.00 ms.
Unloading 1115 Unused Serialized files (Serialized files now loaded: 0)
System memory in use before: 57.3 MB.
System memory in use after: 57.4 MB.

Unloading 4 unused Assets to reduce memory usage. Loaded Objects now: 1621.
Total: 1.463800 ms (FindLiveObjects: 0.135500 ms CreateObjectMapping: 0.028600 ms MarkObjects: 1.287400 ms  DeleteObjects: 0.011500 ms)

========================================================================
Received Import Request.
  Time since last request: 952.217073 seconds.
  path: Assets/Scripts/C3_Scripts/NetManager.cs
  artifactKey: Guid(e34a8a9c5af6e45488d91fbaac8325ac) Importer(815301076,1909f56bfc062723c751e8b465ee728b)
Start importing Assets/Scripts/C3_Scripts/NetManager.cs using Guid(e34a8a9c5af6e45488d91fbaac8325ac) Importer(815301076,1909f56bfc062723c751e8b465ee728b)  -> (artifact id: 'a23d3c44e49d668600048424e873df4e') in 0.007340 seconds
  Import took 0.008941 seconds .

========================================================================
Received Prepare
Registering precompiled user dll's ...
Registered in 0.000596 seconds.
Begin MonoManager ReloadAssembly
Native extension for WindowsStandalone target not found
Refreshing native plugins compatible for Editor in 0.20 ms, found 0 plugins.
Preloading 0 native plugins for Editor in 0.00 ms.
Mono: successfully reloaded assembly
- Completed reload, in  0.729 seconds
Platform modules already initialized, skipping
Refreshing native plugins compatible for Editor in 0.18 ms, found 0 plugins.
Preloading 0 native plugins for Editor in 0.00 ms.
Unloading 1115 Unused Serialized files (Serialized files now loaded: 0)
System memory in use before: 57.3 MB.
System memory in use after: 57.4 MB.

Unloading 4 unused Assets to reduce memory usage. Loaded Objects now: 1624.
Total: 1.433100 ms (FindLiveObjects: 0.134800 ms CreateObjectMapping: 0.033900 ms MarkObjects: 1.251000 ms  DeleteObjects: 0.012700 ms)

========================================================================
Received Import Request.
  Time since last request: 3010.807567 seconds.
  path: Assets/Scripts/C3_Scripts/NetManager.cs
  artifactKey: Guid(e34a8a9c5af6e45488d91fbaac8325ac) Importer(815301076,1909f56bfc062723c751e8b465ee728b)
Start importing Assets/Scripts/C3_Scripts/NetManager.cs using Guid(e34a8a9c5af6e45488d91fbaac8325ac) Importer(815301076,1909f56bfc062723c751e8b465ee728b)  -> (artifact id: 'f03c786bf0fbb2339fbdd5936acb522a') in 0.007265 seconds
  Import took 0.009041 seconds .

========================================================================
Received Prepare
Registering precompiled user dll's ...
Registered in 0.000534 seconds.
Begin MonoManager ReloadAssembly
Native extension for WindowsStandalone target not found
Refreshing native plugins compatible for Editor in 0.19 ms, found 0 plugins.
Preloading 0 native plugins for Editor in 0.00 ms.
Mono: successfully reloaded assembly
- Completed reload, in  0.681 seconds
Platform modules already initialized, skipping
Refreshing native plugins compatible for Editor in 0.18 ms, found 0 plugins.
Preloading 0 native plugins for Editor in 0.00 ms.
Unloading 1115 Unused Serialized files (Serialized files now loaded: 0)
System memory in use before: 57.3 MB.
System memory in use after: 57.4 MB.

Unloading 4 unused Assets to reduce memory usage. Loaded Objects now: 1627.
Total: 1.556200 ms (FindLiveObjects: 0.165300 ms CreateObjectMapping: 0.043300 ms MarkObjects: 1.333200 ms  DeleteObjects: 0.013500 ms)

========================================================================
Received Import Request.
  Time since last request: 486.416165 seconds.
  path: Assets/Scripts/C3_Scripts/NetManager.cs
  artifactKey: Guid(e34a8a9c5af6e45488d91fbaac8325ac) Importer(815301076,1909f56bfc062723c751e8b465ee728b)
Start importing Assets/Scripts/C3_Scripts/NetManager.cs using Guid(e34a8a9c5af6e45488d91fbaac8325ac) Importer(815301076,1909f56bfc062723c751e8b465ee728b)  -> (artifact id: '5ddf86e2051bf8287f13bfb9e80e36c1') in 0.003717 seconds
  Import took 0.005379 seconds .

========================================================================
Received Import Request.
  Time since last request: 5.884329 seconds.
  path: Assets/Scripts/C3_Scripts/Main.cs
  artifactKey: Guid(93b32f9de5a8ee64e8905d8b9cff0a1b) Importer(815301076,1909f56bfc062723c751e8b465ee728b)
Start importing Assets/Scripts/C3_Scripts/Main.cs using Guid(93b32f9de5a8ee64e8905d8b9cff0a1b) Importer(815301076,1909f56bfc062723c751e8b465ee728b)  -> (artifact id: '5db9cea76f5b58ba1b5e6c44f13d2b09') in 0.007668 seconds
  Import took 0.009725 seconds .

========================================================================
Received Prepare
Registering precompiled user dll's ...
Registered in 0.000439 seconds.
Begin MonoManager ReloadAssembly
Native extension for WindowsStandalone target not found
Refreshing native plugins compatible for Editor in 0.21 ms, found 0 plugins.
Preloading 0 native plugins for Editor in 0.00 ms.
Mono: successfully reloaded assembly
- Completed reload, in  0.686 seconds
Platform modules already initialized, skipping
Refreshing native plugins compatible for Editor in 0.18 ms, found 0 plugins.
Preloading 0 native plugins for Editor in 0.00 ms.
Unloading 1116 Unused Serialized files (Serialized files now loaded: 0)
System memory in use before: 57.3 MB.
System memory in use after: 57.4 MB.

Unloading 4 unused Assets to reduce memory usage. Loaded Objects now: 1631.
Total: 5.173800 ms (FindLiveObjects: 0.479600 ms CreateObjectMapping: 0.126500 ms MarkObjects: 4.511500 ms  DeleteObjects: 0.052400 ms)

========================================================================
Received Prepare
Registering precompiled user dll's ...
Registered in 0.000518 seconds.
Begin MonoManager ReloadAssembly
Native extension for WindowsStandalone target not found
Refreshing native plugins compatible for Editor in 0.19 ms, found 0 plugins.
Preloading 0 native plugins for Editor in 0.00 ms.
Mono: successfully reloaded assembly
- Completed reload, in  0.669 seconds
Platform modules already initialized, skipping
Refreshing native plugins compatible for Editor in 0.18 ms, found 0 plugins.
Preloading 0 native plugins for Editor in 0.00 ms.
Unloading 1116 Unused Serialized files (Serialized files now loaded: 0)
System memory in use before: 57.3 MB.
System memory in use after: 57.4 MB.

Unloading 4 unused Assets to reduce memory usage. Loaded Objects now: 1634.
Total: 1.576000 ms (FindLiveObjects: 0.143200 ms CreateObjectMapping: 0.034800 ms MarkObjects: 1.381700 ms  DeleteObjects: 0.014800 ms)

========================================================================
Received Import Request.
  Time since last request: 281.344157 seconds.
  path: Assets/Scripts/C3_Scripts/Main.cs
  artifactKey: Guid(93b32f9de5a8ee64e8905d8b9cff0a1b) Importer(815301076,1909f56bfc062723c751e8b465ee728b)
Start importing Assets/Scripts/C3_Scripts/Main.cs using Guid(93b32f9de5a8ee64e8905d8b9cff0a1b) Importer(815301076,1909f56bfc062723c751e8b465ee728b)  -> (artifact id: 'a0b3b049e695c28ba863491dca35324c') in 0.003438 seconds
  Import took 0.005003 seconds .

========================================================================
Received Prepare
Registering precompiled user dll's ...
Registered in 0.000478 seconds.
Begin MonoManager ReloadAssembly
Native extension for WindowsStandalone target not found
Refreshing native plugins compatible for Editor in 0.19 ms, found 0 plugins.
Preloading 0 native plugins for Editor in 0.00 ms.
Mono: successfully reloaded assembly
- Completed reload, in  0.677 seconds
Platform modules already initialized, skipping
Refreshing native plugins compatible for Editor in 0.18 ms, found 0 plugins.
Preloading 0 native plugins for Editor in 0.00 ms.
Unloading 1116 Unused Serialized files (Serialized files now loaded: 0)
System memory in use before: 57.3 MB.
System memory in use after: 57.4 MB.

Unloading 4 unused Assets to reduce memory usage. Loaded Objects now: 1637.
Total: 1.346100 ms (FindLiveObjects: 0.134500 ms CreateObjectMapping: 0.033100 ms MarkObjects: 1.167700 ms  DeleteObjects: 0.010100 ms)

========================================================================
Received Prepare
Registering precompiled user dll's ...
Registered in 0.000753 seconds.
Begin MonoManager ReloadAssembly
Native extension for WindowsStandalone target not found
Refreshing native plugins compatible for Editor in 0.19 ms, found 0 plugins.
Preloading 0 native plugins for Editor in 0.00 ms.
Mono: successfully reloaded assembly
- Completed reload, in  0.654 seconds
Platform modules already initialized, skipping
Refreshing native plugins compatible for Editor in 0.18 ms, found 0 plugins.
Preloading 0 native plugins for Editor in 0.00 ms.
Unloading 1116 Unused Serialized files (Serialized files now loaded: 0)
System memory in use before: 57.3 MB.
System memory in use after: 57.4 MB.

Unloading 4 unused Assets to reduce memory usage. Loaded Objects now: 1640.
Total: 1.341200 ms (FindLiveObjects: 0.122800 ms CreateObjectMapping: 0.028300 ms MarkObjects: 1.178400 ms  DeleteObjects: 0.010700 ms)

========================================================================
Received Prepare
Registering precompiled user dll's ...
Registered in 0.000556 seconds.
Begin MonoManager ReloadAssembly
Native extension for WindowsStandalone target not found
Refreshing native plugins compatible for Editor in 0.19 ms, found 0 plugins.
Preloading 0 native plugins for Editor in 0.00 ms.
Mono: successfully reloaded assembly
- Completed reload, in  0.687 seconds
Platform modules already initialized, skipping
Refreshing native plugins compatible for Editor in 0.18 ms, found 0 plugins.
Preloading 0 native plugins for Editor in 0.00 ms.
Unloading 1116 Unused Serialized files (Serialized files now loaded: 0)
System memory in use before: 57.3 MB.
System memory in use after: 57.4 MB.

Unloading 4 unused Assets to reduce memory usage. Loaded Objects now: 1643.
Total: 1.900000 ms (FindLiveObjects: 0.195300 ms CreateObjectMapping: 0.048700 ms MarkObjects: 1.642400 ms  DeleteObjects: 0.012700 ms)

========================================================================
Received Prepare
Registering precompiled user dll's ...
Registered in 0.000765 seconds.
Begin MonoManager ReloadAssembly
Native extension for WindowsStandalone target not found
Refreshing native plugins compatible for Editor in 0.19 ms, found 0 plugins.
Preloading 0 native plugins for Editor in 0.00 ms.
Mono: successfully reloaded assembly
- Completed reload, in  0.668 seconds
Platform modules already initialized, skipping
Refreshing native plugins compatible for Editor in 0.18 ms, found 0 plugins.
Preloading 0 native plugins for Editor in 0.00 ms.
Unloading 1116 Unused Serialized files (Serialized files now loaded: 0)
System memory in use before: 57.4 MB.
System memory in use after: 57.4 MB.

Unloading 4 unused Assets to reduce memory usage. Loaded Objects now: 1646.
Total: 1.478700 ms (FindLiveObjects: 0.172300 ms CreateObjectMapping: 0.037200 ms MarkObjects: 1.255800 ms  DeleteObjects: 0.012200 ms)

========================================================================
Received Prepare
Registering precompiled user dll's ...
Registered in 0.000512 seconds.
Begin MonoManager ReloadAssembly
Native extension for WindowsStandalone target not found
Refreshing native plugins compatible for Editor in 0.19 ms, found 0 plugins.
Preloading 0 native plugins for Editor in 0.00 ms.
Mono: successfully reloaded assembly
- Completed reload, in  0.688 seconds
Platform modules already initialized, skipping
Refreshing native plugins compatible for Editor in 0.19 ms, found 0 plugins.
Preloading 0 native plugins for Editor in 0.00 ms.
Unloading 1116 Unused Serialized files (Serialized files now loaded: 0)
System memory in use before: 57.4 MB.
System memory in use after: 57.5 MB.

Unloading 4 unused Assets to reduce memory usage. Loaded Objects now: 1649.
Total: 1.358400 ms (FindLiveObjects: 0.141900 ms CreateObjectMapping: 0.035200 ms MarkObjects: 1.170000 ms  DeleteObjects: 0.010400 ms)

========================================================================
Received Prepare
Registering precompiled user dll's ...
Registered in 0.000824 seconds.
Begin MonoManager ReloadAssembly
Native extension for WindowsStandalone target not found
Refreshing native plugins compatible for Editor in 0.21 ms, found 0 plugins.
Preloading 0 native plugins for Editor in 0.00 ms.
Mono: successfully reloaded assembly
- Completed reload, in  0.706 seconds
Platform modules already initialized, skipping
Refreshing native plugins compatible for Editor in 0.19 ms, found 0 plugins.
Preloading 0 native plugins for Editor in 0.00 ms.
Unloading 1116 Unused Serialized files (Serialized files now loaded: 0)
System memory in use before: 57.4 MB.
System memory in use after: 57.5 MB.

Unloading 4 unused Assets to reduce memory usage. Loaded Objects now: 1652.
Total: 1.515200 ms (FindLiveObjects: 0.146800 ms CreateObjectMapping: 0.054500 ms MarkObjects: 1.297700 ms  DeleteObjects: 0.015100 ms)

========================================================================
Received Prepare
Registering precompiled user dll's ...
Registered in 0.000674 seconds.
Begin MonoManager ReloadAssembly
Native extension for WindowsStandalone target not found
Refreshing native plugins compatible for Editor in 0.18 ms, found 0 plugins.
Preloading 0 native plugins for Editor in 0.00 ms.
Mono: successfully reloaded assembly
- Completed reload, in  0.719 seconds
Platform modules already initialized, skipping
Refreshing native plugins compatible for Editor in 0.19 ms, found 0 plugins.
Preloading 0 native plugins for Editor in 0.00 ms.
Unloading 1116 Unused Serialized files (Serialized files now loaded: 0)
System memory in use before: 57.4 MB.
System memory in use after: 57.5 MB.

Unloading 4 unused Assets to reduce memory usage. Loaded Objects now: 1655.
Total: 1.668900 ms (FindLiveObjects: 0.325200 ms CreateObjectMapping: 0.038700 ms MarkObjects: 1.289900 ms  DeleteObjects: 0.013900 ms)

========================================================================
Received Prepare
Registering precompiled user dll's ...
Registered in 0.000778 seconds.
Begin MonoManager ReloadAssembly
Native extension for WindowsStandalone target not found
Refreshing native plugins compatible for Editor in 0.18 ms, found 0 plugins.
Preloading 0 native plugins for Editor in 0.00 ms.
Mono: successfully reloaded assembly
- Completed reload, in  0.668 seconds
Platform modules already initialized, skipping
Refreshing native plugins compatible for Editor in 0.18 ms, found 0 plugins.
Preloading 0 native plugins for Editor in 0.00 ms.
Unloading 1116 Unused Serialized files (Serialized files now loaded: 0)
System memory in use before: 57.4 MB.
System memory in use after: 57.5 MB.

Unloading 4 unused Assets to reduce memory usage. Loaded Objects now: 1658.
Total: 1.664400 ms (FindLiveObjects: 0.184900 ms CreateObjectMapping: 0.048600 ms MarkObjects: 1.418100 ms  DeleteObjects: 0.011800 ms)

========================================================================
Received Import Request.
  Time since last request: 631.229019 seconds.
  path: Assets/Res/C3_Res
  artifactKey: Guid(de28eae9b747b08438163e977db173cd) Importer(815301076,1909f56bfc062723c751e8b465ee728b)
Start importing Assets/Res/C3_Res using Guid(de28eae9b747b08438163e977db173cd) Importer(815301076,1909f56bfc062723c751e8b465ee728b)  -> (artifact id: '2154fda14aab1f4962eb7898bceca695') in 0.011377 seconds
  Import took 0.013437 seconds .

========================================================================
Received Import Request.
  Time since last request: 0.003165 seconds.
  path: Assets/Res/C3_Res
  artifactKey: Guid(de28eae9b747b08438163e977db173cd) Importer(815301076,1909f56bfc062723c751e8b465ee728b)
Start importing Assets/Res/C3_Res using Guid(de28eae9b747b08438163e977db173cd) Importer(815301076,1909f56bfc062723c751e8b465ee728b)  -> (artifact id: '2154fda14aab1f4962eb7898bceca695') in 0.002711 seconds
  Import took 0.004573 seconds .

========================================================================
Received Import Request.
  Time since last request: 5.327949 seconds.
  path: Assets/Res/C3_Res/Prefabs
  artifactKey: Guid(d4746a2ec468bcf4f95bb8a67040a607) Importer(815301076,1909f56bfc062723c751e8b465ee728b)
Start importing Assets/Res/C3_Res/Prefabs using Guid(d4746a2ec468bcf4f95bb8a67040a607) Importer(815301076,1909f56bfc062723c751e8b465ee728b)  -> (artifact id: '10398a68fa93d452cff92cff0ea252df') in 0.007594 seconds
  Import took 0.009587 seconds .

========================================================================
Received Import Request.
  Time since last request: 4.618971 seconds.
  path: Assets/Res/C3_Res/Prefabs/Player.prefab
  artifactKey: Guid(304bad7ac7f559b408eed16462b9ed92) Importer(815301076,1909f56bfc062723c751e8b465ee728b)
Start importing Assets/Res/C3_Res/Prefabs/Player.prefab using Guid(304bad7ac7f559b408eed16462b9ed92) Importer(815301076,1909f56bfc062723c751e8b465ee728b)  -> (artifact id: '5253574e5136eb1321a42dbdb055bb8f') in 0.167719 seconds
  Import took 0.169938 seconds .

========================================================================
Received Import Request.
  Time since last request: 0.000277 seconds.
  path: Assets/Res/C3_Res/Prefabs/Player.prefab
  artifactKey: Guid(304bad7ac7f559b408eed16462b9ed92) Importer(815301076,1909f56bfc062723c751e8b465ee728b)
Start importing Assets/Res/C3_Res/Prefabs/Player.prefab using Guid(304bad7ac7f559b408eed16462b9ed92) Importer(815301076,1909f56bfc062723c751e8b465ee728b)  -> (artifact id: '5253574e5136eb1321a42dbdb055bb8f') in 0.010237 seconds
  Import took 0.011970 seconds .

========================================================================
Received Import Request.
  Time since last request: 34.337163 seconds.
  path: Assets/Res/C3_Res/Prefabs/Player.prefab
  artifactKey: Guid(304bad7ac7f559b408eed16462b9ed92) Importer(815301076,1909f56bfc062723c751e8b465ee728b)
Start importing Assets/Res/C3_Res/Prefabs/Player.prefab using Guid(304bad7ac7f559b408eed16462b9ed92) Importer(815301076,1909f56bfc062723c751e8b465ee728b)  -> (artifact id: 'bb1e627175b6f0e4daeb45333c08bb27') in 0.011611 seconds
  Import took 0.014169 seconds .

========================================================================
Received Import Request.
  Time since last request: 0.004724 seconds.
  path: Assets/Res/C3_Res/Prefabs/Player.prefab
  artifactKey: Guid(304bad7ac7f559b408eed16462b9ed92) Importer(815301076,1909f56bfc062723c751e8b465ee728b)
Start importing Assets/Res/C3_Res/Prefabs/Player.prefab using Guid(304bad7ac7f559b408eed16462b9ed92) Importer(815301076,1909f56bfc062723c751e8b465ee728b)  -> (artifact id: 'bb1e627175b6f0e4daeb45333c08bb27') in 0.011120 seconds
  Import took 0.013084 seconds .

========================================================================
Received Import Request.
  Time since last request: 4.729519 seconds.
  path: Assets/Res/C3_Res/Prefabs/Player.prefab
  artifactKey: Guid(304bad7ac7f559b408eed16462b9ed92) Importer(815301076,1909f56bfc062723c751e8b465ee728b)
Start importing Assets/Res/C3_Res/Prefabs/Player.prefab using Guid(304bad7ac7f559b408eed16462b9ed92) Importer(815301076,1909f56bfc062723c751e8b465ee728b)  -> (artifact id: '532a27f08b3b06b31211f1d436bbab7d') in 0.011416 seconds
  Import took 0.013646 seconds .

========================================================================
Received Import Request.
  Time since last request: 0.019050 seconds.
  path: Assets/Res/C3_Res/Prefabs/Player.prefab
  artifactKey: Guid(304bad7ac7f559b408eed16462b9ed92) Importer(815301076,1909f56bfc062723c751e8b465ee728b)
Start importing Assets/Res/C3_Res/Prefabs/Player.prefab using Guid(304bad7ac7f559b408eed16462b9ed92) Importer(815301076,1909f56bfc062723c751e8b465ee728b)  -> (artifact id: '532a27f08b3b06b31211f1d436bbab7d') in 0.009399 seconds
  Import took 0.011987 seconds .

========================================================================
Received Import Request.
  Time since last request: 2.056041 seconds.
  path: Assets/Res/C3_Res/Prefabs/Player.prefab
  artifactKey: Guid(304bad7ac7f559b408eed16462b9ed92) Importer(815301076,1909f56bfc062723c751e8b465ee728b)
Start importing Assets/Res/C3_Res/Prefabs/Player.prefab using Guid(304bad7ac7f559b408eed16462b9ed92) Importer(815301076,1909f56bfc062723c751e8b465ee728b)  -> (artifact id: '85b585b0c63a178c38228d007bb365d7') in 0.009778 seconds
  Import took 0.011628 seconds .

========================================================================
Received Import Request.
  Time since last request: 5.932312 seconds.
  path: Assets/Res/C3_Res/Prefabs/SyncPlayer.prefab
  artifactKey: Guid(304bad7ac7f559b408eed16462b9ed92) Importer(815301076,1909f56bfc062723c751e8b465ee728b)
Start importing Assets/Res/C3_Res/Prefabs/SyncPlayer.prefab using Guid(304bad7ac7f559b408eed16462b9ed92) Importer(815301076,1909f56bfc062723c751e8b465ee728b)  -> (artifact id: '4de4e019fed0060f92386b875ca7d7fb') in 0.016052 seconds
  Import took 0.018127 seconds .

========================================================================
Received Prepare
Registering precompiled user dll's ...
Registered in 0.000496 seconds.
Begin MonoManager ReloadAssembly
Native extension for WindowsStandalone target not found
Refreshing native plugins compatible for Editor in 0.19 ms, found 0 plugins.
Preloading 0 native plugins for Editor in 0.00 ms.
Mono: successfully reloaded assembly
- Completed reload, in  0.685 seconds
Platform modules already initialized, skipping
Refreshing native plugins compatible for Editor in 0.19 ms, found 0 plugins.
Preloading 0 native plugins for Editor in 0.00 ms.
Unloading 1116 Unused Serialized files (Serialized files now loaded: 0)
System memory in use before: 60.6 MB.
System memory in use after: 60.7 MB.

Unloading 4 unused Assets to reduce memory usage. Loaded Objects now: 1670.
Total: 1.564900 ms (FindLiveObjects: 0.136800 ms CreateObjectMapping: 0.032100 ms MarkObjects: 1.383700 ms  DeleteObjects: 0.011400 ms)

========================================================================
Received Prepare
Registering precompiled user dll's ...
Registered in 0.000503 seconds.
Begin MonoManager ReloadAssembly
Native extension for WindowsStandalone target not found
Refreshing native plugins compatible for Editor in 0.19 ms, found 0 plugins.
Preloading 0 native plugins for Editor in 0.00 ms.
Mono: successfully reloaded assembly
- Completed reload, in  0.681 seconds
Platform modules already initialized, skipping
Refreshing native plugins compatible for Editor in 0.18 ms, found 0 plugins.
Preloading 0 native plugins for Editor in 0.00 ms.
Unloading 1116 Unused Serialized files (Serialized files now loaded: 0)
System memory in use before: 60.6 MB.
System memory in use after: 60.7 MB.

Unloading 4 unused Assets to reduce memory usage. Loaded Objects now: 1673.
Total: 1.471600 ms (FindLiveObjects: 0.136500 ms CreateObjectMapping: 0.034900 ms MarkObjects: 1.286200 ms  DeleteObjects: 0.013100 ms)

========================================================================
Received Import Request.
  Time since last request: 143.984782 seconds.
  path: Assets/Res/C3_Res/Prefabs/BasePlayer.prefab
  artifactKey: Guid(304bad7ac7f559b408eed16462b9ed92) Importer(815301076,1909f56bfc062723c751e8b465ee728b)
Start importing Assets/Res/C3_Res/Prefabs/BasePlayer.prefab using Guid(304bad7ac7f559b408eed16462b9ed92) Importer(815301076,1909f56bfc062723c751e8b465ee728b)  -> (artifact id: '6c0d6425cec97fc24d9a693f54c52e04') in 0.053030 seconds
  Import took 0.055180 seconds .

========================================================================
Received Import Request.
  Time since last request: 3.124136 seconds.
  path: Assets/Res/C3_Res/Prefabs/BasePlayer.prefab
  artifactKey: Guid(304bad7ac7f559b408eed16462b9ed92) Importer(815301076,1909f56bfc062723c751e8b465ee728b)
Start importing Assets/Res/C3_Res/Prefabs/BasePlayer.prefab using Guid(304bad7ac7f559b408eed16462b9ed92) Importer(815301076,1909f56bfc062723c751e8b465ee728b)  -> (artifact id: '952594a54329aa715d18c7cc2564cc58') in 0.010806 seconds
  Import took 0.013062 seconds .

========================================================================
Received Prepare
Registering precompiled user dll's ...
Registered in 0.000498 seconds.
Begin MonoManager ReloadAssembly
Native extension for WindowsStandalone target not found
Refreshing native plugins compatible for Editor in 0.19 ms, found 0 plugins.
Preloading 0 native plugins for Editor in 0.00 ms.
Mono: successfully reloaded assembly
- Completed reload, in  0.681 seconds
Platform modules already initialized, skipping
Refreshing native plugins compatible for Editor in 0.18 ms, found 0 plugins.
Preloading 0 native plugins for Editor in 0.00 ms.
Unloading 1116 Unused Serialized files (Serialized files now loaded: 0)
System memory in use before: 60.6 MB.
System memory in use after: 60.7 MB.

Unloading 4 unused Assets to reduce memory usage. Loaded Objects now: 1677.
Total: 1.693500 ms (FindLiveObjects: 0.174100 ms CreateObjectMapping: 0.044300 ms MarkObjects: 1.461500 ms  DeleteObjects: 0.012700 ms)

========================================================================
Received Prepare
Registering precompiled user dll's ...
Registered in 0.000713 seconds.
Begin MonoManager ReloadAssembly
Native extension for WindowsStandalone target not found
Refreshing native plugins compatible for Editor in 0.19 ms, found 0 plugins.
Preloading 0 native plugins for Editor in 0.00 ms.
Mono: successfully reloaded assembly
- Completed reload, in  0.694 seconds
Platform modules already initialized, skipping
Refreshing native plugins compatible for Editor in 0.19 ms, found 0 plugins.
Preloading 0 native plugins for Editor in 0.00 ms.
Unloading 1116 Unused Serialized files (Serialized files now loaded: 0)
System memory in use before: 60.6 MB.
System memory in use after: 60.7 MB.

Unloading 4 unused Assets to reduce memory usage. Loaded Objects now: 1680.
Total: 1.338500 ms (FindLiveObjects: 0.159300 ms CreateObjectMapping: 0.035800 ms MarkObjects: 1.131400 ms  DeleteObjects: 0.011000 ms)

========================================================================
Received Prepare
Registering precompiled user dll's ...
Registered in 0.000507 seconds.
Begin MonoManager ReloadAssembly
Native extension for WindowsStandalone target not found
Refreshing native plugins compatible for Editor in 0.19 ms, found 0 plugins.
Preloading 0 native plugins for Editor in 0.00 ms.
Mono: successfully reloaded assembly
- Completed reload, in  0.655 seconds
Platform modules already initialized, skipping
Refreshing native plugins compatible for Editor in 0.19 ms, found 0 plugins.
Preloading 0 native plugins for Editor in 0.00 ms.
Unloading 1116 Unused Serialized files (Serialized files now loaded: 0)
System memory in use before: 60.6 MB.
System memory in use after: 60.7 MB.

Unloading 4 unused Assets to reduce memory usage. Loaded Objects now: 1683.
Total: 1.448400 ms (FindLiveObjects: 0.186500 ms CreateObjectMapping: 0.048800 ms MarkObjects: 1.201000 ms  DeleteObjects: 0.011100 ms)

========================================================================
Received Prepare
Registering precompiled user dll's ...
Registered in 0.000540 seconds.
Begin MonoManager ReloadAssembly
Native extension for WindowsStandalone target not found
Refreshing native plugins compatible for Editor in 0.21 ms, found 0 plugins.
Preloading 0 native plugins for Editor in 0.00 ms.
Mono: successfully reloaded assembly
- Completed reload, in  0.657 seconds
Platform modules already initialized, skipping
Refreshing native plugins compatible for Editor in 0.18 ms, found 0 plugins.
Preloading 0 native plugins for Editor in 0.00 ms.
Unloading 1116 Unused Serialized files (Serialized files now loaded: 0)
System memory in use before: 60.6 MB.
System memory in use after: 60.7 MB.

Unloading 4 unused Assets to reduce memory usage. Loaded Objects now: 1686.
Total: 1.431900 ms (FindLiveObjects: 0.157200 ms CreateObjectMapping: 0.033500 ms MarkObjects: 1.229100 ms  DeleteObjects: 0.011300 ms)

========================================================================
Received Prepare
Registering precompiled user dll's ...
Registered in 0.000527 seconds.
Begin MonoManager ReloadAssembly
Native extension for WindowsStandalone target not found
Refreshing native plugins compatible for Editor in 0.19 ms, found 0 plugins.
Preloading 0 native plugins for Editor in 0.00 ms.
Mono: successfully reloaded assembly
- Completed reload, in  0.707 seconds
Platform modules already initialized, skipping
Refreshing native plugins compatible for Editor in 0.19 ms, found 0 plugins.
Preloading 0 native plugins for Editor in 0.00 ms.
Unloading 1116 Unused Serialized files (Serialized files now loaded: 0)
System memory in use before: 60.6 MB.
System memory in use after: 60.7 MB.

Unloading 4 unused Assets to reduce memory usage. Loaded Objects now: 1689.
Total: 1.621200 ms (FindLiveObjects: 0.194300 ms CreateObjectMapping: 0.050000 ms MarkObjects: 1.362000 ms  DeleteObjects: 0.013600 ms)

========================================================================
Received Prepare
Registering precompiled user dll's ...
Registered in 0.000542 seconds.
Begin MonoManager ReloadAssembly
Native extension for WindowsStandalone target not found
Refreshing native plugins compatible for Editor in 0.18 ms, found 0 plugins.
Preloading 0 native plugins for Editor in 0.00 ms.
Mono: successfully reloaded assembly
- Completed reload, in  0.706 seconds
Platform modules already initialized, skipping
Refreshing native plugins compatible for Editor in 0.19 ms, found 0 plugins.
Preloading 0 native plugins for Editor in 0.00 ms.
Unloading 1116 Unused Serialized files (Serialized files now loaded: 0)
System memory in use before: 60.6 MB.
System memory in use after: 60.7 MB.

Unloading 4 unused Assets to reduce memory usage. Loaded Objects now: 1692.
Total: 1.495600 ms (FindLiveObjects: 0.159500 ms CreateObjectMapping: 0.035500 ms MarkObjects: 1.287300 ms  DeleteObjects: 0.012300 ms)

========================================================================
Received Prepare
Registering precompiled user dll's ...
Registered in 0.000475 seconds.
Begin MonoManager ReloadAssembly
Native extension for WindowsStandalone target not found
Refreshing native plugins compatible for Editor in 0.20 ms, found 0 plugins.
Preloading 0 native plugins for Editor in 0.00 ms.
Mono: successfully reloaded assembly
- Completed reload, in  0.665 seconds
Platform modules already initialized, skipping
Refreshing native plugins compatible for Editor in 0.19 ms, found 0 plugins.
Preloading 0 native plugins for Editor in 0.00 ms.
Unloading 1116 Unused Serialized files (Serialized files now loaded: 0)
System memory in use before: 60.6 MB.
System memory in use after: 60.7 MB.

Unloading 4 unused Assets to reduce memory usage. Loaded Objects now: 1695.
Total: 1.444700 ms (FindLiveObjects: 0.137700 ms CreateObjectMapping: 0.031600 ms MarkObjects: 1.263800 ms  DeleteObjects: 0.010900 ms)

========================================================================
Received Prepare
Refreshing native plugins compatible for Editor in 0.60 ms, found 0 plugins.
Preloading 0 native plugins for Editor in 0.00 ms.
Unloading 3 Unused Serialized files (Serialized files now loaded: 0)
System memory in use before: 38.5 MB.
System memory in use after: 38.6 MB.

Unloading 2 unused Assets to reduce memory usage. Loaded Objects now: 1695.
Total: 1.701900 ms (FindLiveObjects: 0.143500 ms CreateObjectMapping: 0.038300 ms MarkObjects: 1.508600 ms  DeleteObjects: 0.010300 ms)

========================================================================
Received Prepare
Registering precompiled user dll's ...
Registered in 0.000519 seconds.
Begin MonoManager ReloadAssembly
Native extension for WindowsStandalone target not found
Refreshing native plugins compatible for Editor in 0.30 ms, found 0 plugins.
Preloading 0 native plugins for Editor in 0.00 ms.
Mono: successfully reloaded assembly
- Completed reload, in  0.751 seconds
Platform modules already initialized, skipping
Refreshing native plugins compatible for Editor in 0.22 ms, found 0 plugins.
Preloading 0 native plugins for Editor in 0.00 ms.
Unloading 1116 Unused Serialized files (Serialized files now loaded: 0)
System memory in use before: 60.7 MB.
System memory in use after: 60.8 MB.

Unloading 4 unused Assets to reduce memory usage. Loaded Objects now: 1698.
Total: 1.569100 ms (FindLiveObjects: 0.152600 ms CreateObjectMapping: 0.034200 ms MarkObjects: 1.367900 ms  DeleteObjects: 0.013400 ms)

========================================================================
Received Prepare
Registering precompiled user dll's ...
Registered in 0.000585 seconds.
Begin MonoManager ReloadAssembly
Native extension for WindowsStandalone target not found
Refreshing native plugins compatible for Editor in 0.19 ms, found 0 plugins.
Preloading 0 native plugins for Editor in 0.00 ms.
Mono: successfully reloaded assembly
- Completed reload, in  0.654 seconds
Platform modules already initialized, skipping
Refreshing native plugins compatible for Editor in 0.19 ms, found 0 plugins.
Preloading 0 native plugins for Editor in 0.00 ms.
Unloading 1116 Unused Serialized files (Serialized files now loaded: 0)
System memory in use before: 60.7 MB.
System memory in use after: 60.8 MB.

Unloading 4 unused Assets to reduce memory usage. Loaded Objects now: 1701.
Total: 1.528500 ms (FindLiveObjects: 0.148900 ms CreateObjectMapping: 0.037600 ms MarkObjects: 1.324600 ms  DeleteObjects: 0.016100 ms)

========================================================================
Received Prepare
Registering precompiled user dll's ...
Registered in 0.000514 seconds.
Begin MonoManager ReloadAssembly
Native extension for WindowsStandalone target not found
Refreshing native plugins compatible for Editor in 0.19 ms, found 0 plugins.
Preloading 0 native plugins for Editor in 0.00 ms.
Mono: successfully reloaded assembly
- Completed reload, in  0.689 seconds
Platform modules already initialized, skipping
Refreshing native plugins compatible for Editor in 0.17 ms, found 0 plugins.
Preloading 0 native plugins for Editor in 0.00 ms.
Unloading 1116 Unused Serialized files (Serialized files now loaded: 0)
System memory in use before: 60.7 MB.
System memory in use after: 60.8 MB.

Unloading 4 unused Assets to reduce memory usage. Loaded Objects now: 1704.
Total: 1.989000 ms (FindLiveObjects: 0.254500 ms CreateObjectMapping: 0.052800 ms MarkObjects: 1.663400 ms  DeleteObjects: 0.017200 ms)

========================================================================
Received Prepare
Registering precompiled user dll's ...
Registered in 0.000557 seconds.
Begin MonoManager ReloadAssembly
Native extension for WindowsStandalone target not found
Refreshing native plugins compatible for Editor in 0.19 ms, found 0 plugins.
Preloading 0 native plugins for Editor in 0.00 ms.
Mono: successfully reloaded assembly
- Completed reload, in  0.648 seconds
Platform modules already initialized, skipping
Refreshing native plugins compatible for Editor in 0.18 ms, found 0 plugins.
Preloading 0 native plugins for Editor in 0.00 ms.
Unloading 1116 Unused Serialized files (Serialized files now loaded: 0)
System memory in use before: 60.7 MB.
System memory in use after: 60.8 MB.

Unloading 4 unused Assets to reduce memory usage. Loaded Objects now: 1707.
Total: 1.406600 ms (FindLiveObjects: 0.153300 ms CreateObjectMapping: 0.036500 ms MarkObjects: 1.204700 ms  DeleteObjects: 0.011100 ms)

========================================================================
Received Prepare
Registering precompiled user dll's ...
Registered in 0.000515 seconds.
Begin MonoManager ReloadAssembly
Native extension for WindowsStandalone target not found
Refreshing native plugins compatible for Editor in 0.19 ms, found 0 plugins.
Preloading 0 native plugins for Editor in 0.00 ms.
Mono: successfully reloaded assembly
- Completed reload, in  0.692 seconds
Platform modules already initialized, skipping
Refreshing native plugins compatible for Editor in 0.18 ms, found 0 plugins.
Preloading 0 native plugins for Editor in 0.00 ms.
Unloading 1116 Unused Serialized files (Serialized files now loaded: 0)
System memory in use before: 60.7 MB.
System memory in use after: 60.8 MB.

Unloading 4 unused Assets to reduce memory usage. Loaded Objects now: 1710.
Total: 1.457600 ms (FindLiveObjects: 0.162800 ms CreateObjectMapping: 0.032700 ms MarkObjects: 1.248000 ms  DeleteObjects: 0.012700 ms)

========================================================================
Received Prepare
Registering precompiled user dll's ...
Registered in 0.000528 seconds.
Begin MonoManager ReloadAssembly
Native extension for WindowsStandalone target not found
Refreshing native plugins compatible for Editor in 0.20 ms, found 0 plugins.
Preloading 0 native plugins for Editor in 0.00 ms.
Mono: successfully reloaded assembly
- Completed reload, in  0.660 seconds
Platform modules already initialized, skipping
Refreshing native plugins compatible for Editor in 0.19 ms, found 0 plugins.
Preloading 0 native plugins for Editor in 0.00 ms.
Unloading 1116 Unused Serialized files (Serialized files now loaded: 0)
System memory in use before: 60.7 MB.
System memory in use after: 60.8 MB.

Unloading 4 unused Assets to reduce memory usage. Loaded Objects now: 1713.
Total: 1.459500 ms (FindLiveObjects: 0.154700 ms CreateObjectMapping: 0.036600 ms MarkObjects: 1.255800 ms  DeleteObjects: 0.011500 ms)

========================================================================
Received Prepare
Refreshing native plugins compatible for Editor in 0.60 ms, found 0 plugins.
Preloading 0 native plugins for Editor in 0.00 ms.
Unloading 3 Unused Serialized files (Serialized files now loaded: 0)
System memory in use before: 38.6 MB.
System memory in use after: 38.7 MB.

Unloading 2 unused Assets to reduce memory usage. Loaded Objects now: 1713.
Total: 1.430100 ms (FindLiveObjects: 0.155400 ms CreateObjectMapping: 0.035200 ms MarkObjects: 1.227100 ms  DeleteObjects: 0.011300 ms)

========================================================================
Received Prepare
Registering precompiled user dll's ...
Registered in 0.000531 seconds.
Begin MonoManager ReloadAssembly
Native extension for WindowsStandalone target not found
Refreshing native plugins compatible for Editor in 0.19 ms, found 0 plugins.
Preloading 0 native plugins for Editor in 0.00 ms.
Mono: successfully reloaded assembly
- Completed reload, in  0.677 seconds
Platform modules already initialized, skipping
Refreshing native plugins compatible for Editor in 0.20 ms, found 0 plugins.
Preloading 0 native plugins for Editor in 0.00 ms.
Unloading 1116 Unused Serialized files (Serialized files now loaded: 0)
System memory in use before: 60.7 MB.
System memory in use after: 60.8 MB.

Unloading 4 unused Assets to reduce memory usage. Loaded Objects now: 1716.
Total: 1.488400 ms (FindLiveObjects: 0.193300 ms CreateObjectMapping: 0.040100 ms MarkObjects: 1.241000 ms  DeleteObjects: 0.012900 ms)

========================================================================
Received Prepare
Registering precompiled user dll's ...
Registered in 0.000578 seconds.
Begin MonoManager ReloadAssembly
Native extension for WindowsStandalone target not found
Refreshing native plugins compatible for Editor in 0.19 ms, found 0 plugins.
Preloading 0 native plugins for Editor in 0.00 ms.
Mono: successfully reloaded assembly
- Completed reload, in  0.699 seconds
Platform modules already initialized, skipping
Refreshing native plugins compatible for Editor in 0.19 ms, found 0 plugins.
Preloading 0 native plugins for Editor in 0.00 ms.
Unloading 1116 Unused Serialized files (Serialized files now loaded: 0)
System memory in use before: 60.7 MB.
System memory in use after: 60.8 MB.

Unloading 4 unused Assets to reduce memory usage. Loaded Objects now: 1719.
Total: 1.542400 ms (FindLiveObjects: 0.148400 ms CreateObjectMapping: 0.035400 ms MarkObjects: 1.344100 ms  DeleteObjects: 0.013600 ms)

========================================================================
Received Prepare
Refreshing native plugins compatible for Editor in 0.63 ms, found 0 plugins.
Preloading 0 native plugins for Editor in 0.00 ms.
Unloading 3 Unused Serialized files (Serialized files now loaded: 0)
System memory in use before: 38.6 MB.
System memory in use after: 38.7 MB.

Unloading 2 unused Assets to reduce memory usage. Loaded Objects now: 1719.
Total: 1.454500 ms (FindLiveObjects: 0.163600 ms CreateObjectMapping: 0.035600 ms MarkObjects: 1.244000 ms  DeleteObjects: 0.010200 ms)

========================================================================
Received Prepare
Registering precompiled user dll's ...
Registered in 0.000719 seconds.
Begin MonoManager ReloadAssembly
Native extension for WindowsStandalone target not found
Refreshing native plugins compatible for Editor in 0.19 ms, found 0 plugins.
Preloading 0 native plugins for Editor in 0.00 ms.
Mono: successfully reloaded assembly
- Completed reload, in  0.679 seconds
Platform modules already initialized, skipping
Refreshing native plugins compatible for Editor in 0.19 ms, found 0 plugins.
Preloading 0 native plugins for Editor in 0.00 ms.
Unloading 1116 Unused Serialized files (Serialized files now loaded: 0)
System memory in use before: 60.7 MB.
System memory in use after: 60.8 MB.

Unloading 4 unused Assets to reduce memory usage. Loaded Objects now: 1722.
Total: 1.537500 ms (FindLiveObjects: 0.156000 ms CreateObjectMapping: 0.036900 ms MarkObjects: 1.331700 ms  DeleteObjects: 0.011800 ms)

AssetImportWorkerClient::OnTransportError - code=2 error=End of file
